2025-07-10 02:17:53 [DEBUG] mulch.workspace_factory: Seeded workspace file: C:\Users\george.bennett\dev\mulch\workspaces\2025_07July_10\secrets\secrets-example.yaml
2025-07-10 02:17:53 [DEBUG] mulch.workspace_factory: Seeded workspace file: C:\Users\george.bennett\dev\mulch\workspaces\2025_07July_10\queries\default-queries.toml
2025-07-10 02:17:53 [DEBUG] root: Seeded C:\Users\george.bennett\dev\mulch\workspaces\2025_07July_10\about_this_workspace.md
2025-07-10 02:19:14 [DEBUG] __main__: Scaffold loaded from default file. C:\Users\george.bennett\dev\mulch\mulch-scaffold.json
2025-07-10 02:19:36 [DEBUG] __main__: Scaffold loaded from default file. C:\Users\george.bennett\dev\mulch\mulch-scaffold.json
2025-07-10 02:19:36 [DEBUG] mulch.workspace_factory: Created folder: C:\Users\george.bennett\dev\mulch\workspaces\2025_07July_10\config
2025-07-10 02:19:36 [DEBUG] mulch.workspace_factory: Created folder: C:\Users\george.bennett\dev\mulch\workspaces\2025_07July_10\data
2025-07-10 02:19:36 [DEBUG] mulch.workspace_factory: Created folder: C:\Users\george.bennett\dev\mulch\workspaces\2025_07July_10\imports
2025-07-10 02:19:36 [DEBUG] mulch.workspace_factory: Created folder: C:\Users\george.bennett\dev\mulch\workspaces\2025_07July_10\exports
2025-07-10 02:19:36 [DEBUG] mulch.workspace_factory: Created folder: C:\Users\george.bennett\dev\mulch\workspaces\2025_07July_10\scripts
2025-07-10 02:19:36 [DEBUG] mulch.workspace_factory: Created folder: C:\Users\george.bennett\dev\mulch\workspaces\2025_07July_10\secrets
2025-07-10 02:19:36 [DEBUG] mulch.workspace_factory: Created folder: C:\Users\george.bennett\dev\mulch\workspaces\2025_07July_10\queries
2025-07-10 02:19:36 [DEBUG] mulch.workspace_factory: Created folder: C:\Users\george.bennett\dev\mulch\workspaces\2025_07July_10\exports\aggregate
2025-07-10 02:19:36 [DEBUG] mulch.workspace_factory: Created file: C:\Users\george.bennett\dev\mulch\workspaces\2025_07July_10\config\default-workspace.toml
2025-07-10 02:19:36 [DEBUG] mulch.workspace_factory: Created file: C:\Users\george.bennett\dev\mulch\workspaces\2025_07July_10\config\logging.json
2025-07-10 02:19:36 [DEBUG] mulch.workspace_factory: Created file: C:\Users\george.bennett\dev\mulch\workspaces\2025_07July_10\secrets\secrets.yaml
2025-07-10 02:19:36 [DEBUG] mulch.workspace_factory: Created file: C:\Users\george.bennett\dev\mulch\workspaces\2025_07July_10\secrets\secrets-example.yaml
2025-07-10 02:19:36 [DEBUG] mulch.workspace_factory: Created file: C:\Users\george.bennett\dev\mulch\workspaces\2025_07July_10\queries\default-queries.toml
2025-07-10 02:19:36 [DEBUG] root: C:\Users\george.bennett\dev\mulch\workspaces\default-workspace.toml already exists; skipping overwrite
2025-07-10 02:19:36 [DEBUG] __main__: lock_path = C:\Users\george.bennett\dev\mulch\workspaces\2025_07July_10\mulch.lock
2025-07-10 02:19:36 [DEBUG] __main__: Wrote mulch.lock to C:\Users\george.bennett\dev\mulch\workspaces\2025_07July_10\mulch.lock
2025-07-10 02:19:36 [DEBUG] root: Scaffold unchanged. Skipping re-render of workspace_manager.py at C:\Users\george.bennett\dev\mulch\src\mulch\workspace_manager.py
2025-07-10 02:19:36 [DEBUG] root: logging_config_path = C:\Users\george.bennett\dev\mulch\.mulch\logs\logging.json
2025-07-10 02:19:36 [DEBUG] root: 丘멆잺 Failed to load logging config from C:\Users\george.bennett\dev\mulch\.mulch\logs\logging.json: Unable to configure handler 'file'
2025-07-10 02:19:36 [INFO] root: 游대 Falling back to portable default logging setup.
2025-07-10 02:19:36 [DEBUG] mulch.workspace_factory: Seeded workspace file: C:\Users\george.bennett\dev\mulch\workspaces\2025_07July_10\secrets\secrets-example.yaml
2025-07-10 02:19:36 [DEBUG] mulch.workspace_factory: Seeded workspace file: C:\Users\george.bennett\dev\mulch\workspaces\2025_07July_10\queries\default-queries.toml
2025-07-10 02:19:36 [DEBUG] root: Seeded C:\Users\george.bennett\dev\mulch\workspaces\2025_07July_10\about_this_workspace.md
2025-07-10 08:18:37 [DEBUG] __main__: Scaffold loaded from default file. C:\Users\george.bennett\dev\mulch\mulch-scaffold.json
2025-07-10 21:42:50 [DEBUG] __main__: Scaffold loaded from default file. C:\Users\george.bennett\dev\mulch\mulch-scaffold.json
2025-07-10 21:48:53 [DEBUG] __main__: Scaffold loaded from default file. C:\Users\george.bennett\dev\mulch\mulch-scaffold.json
2025-07-10 21:48:53 [DEBUG] mulch.workspace_factory: Created folder: C:\Users\george.bennett\dev\mulch\test01\config
2025-07-10 21:48:53 [DEBUG] mulch.workspace_factory: Created folder: C:\Users\george.bennett\dev\mulch\test01\data
2025-07-10 21:48:53 [DEBUG] mulch.workspace_factory: Created folder: C:\Users\george.bennett\dev\mulch\test01\imports
2025-07-10 21:48:53 [DEBUG] mulch.workspace_factory: Created folder: C:\Users\george.bennett\dev\mulch\test01\exports
2025-07-10 21:48:53 [DEBUG] mulch.workspace_factory: Created folder: C:\Users\george.bennett\dev\mulch\test01\scripts
2025-07-10 21:48:53 [DEBUG] mulch.workspace_factory: Created folder: C:\Users\george.bennett\dev\mulch\test01\secrets
2025-07-10 21:48:53 [DEBUG] mulch.workspace_factory: Created folder: C:\Users\george.bennett\dev\mulch\test01\queries
2025-07-10 21:48:53 [DEBUG] mulch.workspace_factory: Created folder: C:\Users\george.bennett\dev\mulch\test01\exports\aggregate
2025-07-10 21:48:53 [DEBUG] mulch.workspace_factory: Created file: C:\Users\george.bennett\dev\mulch\test01\config\default-workspace.toml
2025-07-10 21:48:53 [DEBUG] mulch.workspace_factory: Created file: C:\Users\george.bennett\dev\mulch\test01\config\logging.json
2025-07-10 21:48:53 [DEBUG] mulch.workspace_factory: Created file: C:\Users\george.bennett\dev\mulch\test01\secrets\secrets.yaml
2025-07-10 21:48:53 [DEBUG] mulch.workspace_factory: Created file: C:\Users\george.bennett\dev\mulch\test01\secrets\secrets-example.yaml
2025-07-10 21:48:53 [DEBUG] mulch.workspace_factory: Created file: C:\Users\george.bennett\dev\mulch\test01\queries\default-queries.toml
2025-07-10 21:48:53 [DEBUG] __main__: lock_path = C:\Users\george.bennett\dev\mulch\test01\mulch.lock
2025-07-10 21:48:53 [DEBUG] __main__: Wrote mulch.lock to C:\Users\george.bennett\dev\mulch\test01\mulch.lock
2025-07-10 21:48:53 [DEBUG] mulch.workspace_factory: Seeded workspace file: C:\Users\george.bennett\dev\mulch\test01\secrets\secrets-example.yaml
2025-07-10 21:48:53 [DEBUG] mulch.workspace_factory: Seeded workspace file: C:\Users\george.bennett\dev\mulch\test01\queries\default-queries.toml
2025-07-10 21:48:53 [DEBUG] root: Seeded C:\Users\george.bennett\dev\mulch\test01\about_this_workspace.md
2025-07-10 21:50:58 [DEBUG] __main__: Scaffold loaded from default file. C:\Users\george.bennett\dev\mulch\mulch-scaffold.json
2025-07-10 21:53:34 [DEBUG] __main__: Scaffold loaded from default file. C:\Users\george.bennett\dev\mulch\mulch-scaffold.json
2025-07-10 21:59:28 [DEBUG] __main__: Scaffold loaded from default file. C:\Users\george.bennett\dev\mulch\mulch-scaffold.json
2025-07-10 22:00:20 [DEBUG] __main__: Scaffold loaded from default file. C:\Users\george.bennett\dev\mulch\mulch-scaffold.json
2025-07-10 22:00:20 [DEBUG] mulch.workspace_factory: Created folder: C:\Users\george.bennett\dev\mulch\workspaces\test01\config
2025-07-10 22:00:20 [DEBUG] mulch.workspace_factory: Created folder: C:\Users\george.bennett\dev\mulch\workspaces\test01\data
2025-07-10 22:00:20 [DEBUG] mulch.workspace_factory: Created folder: C:\Users\george.bennett\dev\mulch\workspaces\test01\imports
2025-07-10 22:00:20 [DEBUG] mulch.workspace_factory: Created folder: C:\Users\george.bennett\dev\mulch\workspaces\test01\exports
2025-07-10 22:00:20 [DEBUG] mulch.workspace_factory: Created folder: C:\Users\george.bennett\dev\mulch\workspaces\test01\scripts
2025-07-10 22:00:20 [DEBUG] mulch.workspace_factory: Created folder: C:\Users\george.bennett\dev\mulch\workspaces\test01\secrets
2025-07-10 22:00:20 [DEBUG] mulch.workspace_factory: Created folder: C:\Users\george.bennett\dev\mulch\workspaces\test01\queries
2025-07-10 22:00:20 [DEBUG] mulch.workspace_factory: Created folder: C:\Users\george.bennett\dev\mulch\workspaces\test01\exports\aggregate
2025-07-10 22:00:20 [DEBUG] mulch.workspace_factory: Created file: C:\Users\george.bennett\dev\mulch\workspaces\test01\config\default-workspace.toml
2025-07-10 22:00:20 [DEBUG] mulch.workspace_factory: Created file: C:\Users\george.bennett\dev\mulch\workspaces\test01\config\logging.json
2025-07-10 22:00:20 [DEBUG] mulch.workspace_factory: Created file: C:\Users\george.bennett\dev\mulch\workspaces\test01\secrets\secrets.yaml
2025-07-10 22:00:20 [DEBUG] mulch.workspace_factory: Created file: C:\Users\george.bennett\dev\mulch\workspaces\test01\secrets\secrets-example.yaml
2025-07-10 22:00:20 [DEBUG] mulch.workspace_factory: Created file: C:\Users\george.bennett\dev\mulch\workspaces\test01\queries\default-queries.toml
2025-07-10 22:08:40 [DEBUG] __main__: Scaffold loaded from default file. C:\Users\george.bennett\dev\mulch\mulch-scaffold.json
2025-07-10 22:09:33 [DEBUG] __main__: Scaffold loaded from default file. C:\Users\george.bennett\dev\mulch\mulch-scaffold.json
2025-07-10 22:09:33 [DEBUG] mulch.workspace_factory: Wrote lockfile to: C:\Users\george.bennett\dev\mulch\workspaces\test01\mulch.lock
2025-07-10 22:09:33 [DEBUG] root: Scaffold unchanged. Skipping re-render of workspace_manager.py at C:\Users\george.bennett\dev\mulch\src\mulch\workspace_manager.py
2025-07-10 22:10:30 [DEBUG] __main__: Scaffold loaded from default file. C:\Users\george.bennett\dev\mulch\mulch-scaffold.json
2025-07-10 22:10:37 [DEBUG] __main__: Scaffold loaded from default file. C:\Users\george.bennett\dev\mulch\mulch-scaffold.json
2025-07-10 22:10:58 [DEBUG] __main__: Scaffold loaded from default file. C:\Users\george.bennett\dev\mulch\mulch-scaffold.json
2025-07-10 22:30:55 [DEBUG] __main__: Scaffold loaded from default file. C:\Users\george.bennett\dev\mulch\mulch-scaffold.json
2025-07-10 22:31:07 [DEBUG] __main__: Scaffold loaded from default file. C:\Users\george.bennett\dev\mulch\mulch-scaffold.json
2025-07-10 22:31:07 [DEBUG] mulch.workspace_factory: Created folder: C:\Users\george.bennett\dev\mulch\workspaces\test02\config
2025-07-10 22:31:07 [DEBUG] mulch.workspace_factory: Created folder: C:\Users\george.bennett\dev\mulch\workspaces\test02\data
2025-07-10 22:31:07 [DEBUG] mulch.workspace_factory: Created folder: C:\Users\george.bennett\dev\mulch\workspaces\test02\imports
2025-07-10 22:31:07 [DEBUG] mulch.workspace_factory: Created folder: C:\Users\george.bennett\dev\mulch\workspaces\test02\exports
2025-07-10 22:31:07 [DEBUG] mulch.workspace_factory: Created folder: C:\Users\george.bennett\dev\mulch\workspaces\test02\scripts
2025-07-10 22:31:07 [DEBUG] mulch.workspace_factory: Created folder: C:\Users\george.bennett\dev\mulch\workspaces\test02\secrets
2025-07-10 22:31:07 [DEBUG] mulch.workspace_factory: Created folder: C:\Users\george.bennett\dev\mulch\workspaces\test02\queries
2025-07-10 22:31:07 [DEBUG] mulch.workspace_factory: Created folder: C:\Users\george.bennett\dev\mulch\workspaces\test02\exports\aggregate
2025-07-10 22:31:07 [DEBUG] mulch.workspace_factory: Created file: C:\Users\george.bennett\dev\mulch\workspaces\test02\config\default-workspace.toml
2025-07-10 22:31:07 [DEBUG] mulch.workspace_factory: Created file: C:\Users\george.bennett\dev\mulch\workspaces\test02\config\logging.json
2025-07-10 22:31:07 [DEBUG] mulch.workspace_factory: Created file: C:\Users\george.bennett\dev\mulch\workspaces\test02\secrets\secrets.yaml
2025-07-10 22:31:07 [DEBUG] mulch.workspace_factory: Created file: C:\Users\george.bennett\dev\mulch\workspaces\test02\secrets\secrets-example.yaml
2025-07-10 22:31:07 [DEBUG] mulch.workspace_factory: Created file: C:\Users\george.bennett\dev\mulch\workspaces\test02\queries\default-queries.toml
2025-07-10 22:31:07 [DEBUG] mulch.workspace_factory: Wrote lockfile to: C:\Users\george.bennett\dev\mulch\workspaces\test02\mulch.lock
2025-07-10 22:31:07 [DEBUG] root: Scaffold unchanged. Skipping re-render of workspace_manager.py at C:\Users\george.bennett\dev\mulch\src\mulch\workspace_manager.py
2025-07-10 22:31:07 [DEBUG] root: logging_config_path = C:\Users\george.bennett\dev\mulch\.mulch\logs\logging.json
2025-07-10 22:31:07 [DEBUG] root: 丘멆잺 Failed to load logging config from C:\Users\george.bennett\dev\mulch\.mulch\logs\logging.json: Unable to configure handler 'file'
2025-07-10 22:31:07 [INFO] root: 游대 Falling back to portable default logging setup.
2025-07-10 22:31:07 [DEBUG] mulch.workspace_factory: Seeded workspace file: C:\Users\george.bennett\dev\mulch\workspaces\test02\secrets\secrets-example.yaml
2025-07-10 22:31:07 [DEBUG] mulch.workspace_factory: Seeded workspace file: C:\Users\george.bennett\dev\mulch\workspaces\test02\queries\default-queries.toml
2025-07-10 22:31:07 [DEBUG] root: Seeded C:\Users\george.bennett\dev\mulch\workspaces\test02\about_this_workspace.md
2025-07-10 22:31:07 [DEBUG] root: C:\Users\george.bennett\dev\mulch\workspaces\default-workspace.toml already exists; skipping overwrite
2025-07-10 22:33:21 [DEBUG] __main__: Scaffold loaded from default file. C:\Users\george.bennett\dev\mulch\mulch-scaffold.json
2025-07-10 22:33:21 [DEBUG] mulch.workspace_factory: Created folder: C:\Users\george.bennett\dev\mulch\workspaces\test03\config
2025-07-10 22:33:21 [DEBUG] mulch.workspace_factory: Created folder: C:\Users\george.bennett\dev\mulch\workspaces\test03\data
2025-07-10 22:33:21 [DEBUG] mulch.workspace_factory: Created folder: C:\Users\george.bennett\dev\mulch\workspaces\test03\imports
2025-07-10 22:33:21 [DEBUG] mulch.workspace_factory: Created folder: C:\Users\george.bennett\dev\mulch\workspaces\test03\exports
2025-07-10 22:33:21 [DEBUG] mulch.workspace_factory: Created folder: C:\Users\george.bennett\dev\mulch\workspaces\test03\scripts
2025-07-10 22:33:21 [DEBUG] mulch.workspace_factory: Created folder: C:\Users\george.bennett\dev\mulch\workspaces\test03\secrets
2025-07-10 22:33:21 [DEBUG] mulch.workspace_factory: Created folder: C:\Users\george.bennett\dev\mulch\workspaces\test03\queries
2025-07-10 22:33:21 [DEBUG] mulch.workspace_factory: Created folder: C:\Users\george.bennett\dev\mulch\workspaces\test03\exports\aggregate
2025-07-10 22:33:21 [DEBUG] mulch.workspace_factory: Created file: C:\Users\george.bennett\dev\mulch\workspaces\test03\config\default-workspace.toml
2025-07-10 22:33:21 [DEBUG] mulch.workspace_factory: Created file: C:\Users\george.bennett\dev\mulch\workspaces\test03\config\logging.json
2025-07-10 22:33:21 [DEBUG] mulch.workspace_factory: Created file: C:\Users\george.bennett\dev\mulch\workspaces\test03\secrets\secrets.yaml
2025-07-10 22:33:21 [DEBUG] mulch.workspace_factory: Created file: C:\Users\george.bennett\dev\mulch\workspaces\test03\secrets\secrets-example.yaml
2025-07-10 22:33:21 [DEBUG] mulch.workspace_factory: Created file: C:\Users\george.bennett\dev\mulch\workspaces\test03\queries\default-queries.toml
2025-07-10 22:33:21 [DEBUG] mulch.workspace_factory: Wrote lockfile to: C:\Users\george.bennett\dev\mulch\workspaces\test03\mulch.lock
2025-07-10 22:33:21 [DEBUG] root: Scaffold unchanged. Skipping re-render of workspace_manager.py at C:\Users\george.bennett\dev\mulch\src\mulch\workspace_manager.py
2025-07-10 22:33:21 [DEBUG] root: logging_config_path = C:\Users\george.bennett\dev\mulch\.mulch\logs\logging.json
2025-07-10 22:33:21 [DEBUG] root: 丘멆잺 Failed to load logging config from C:\Users\george.bennett\dev\mulch\.mulch\logs\logging.json: Unable to configure handler 'file'
2025-07-10 22:33:21 [INFO] root: 游대 Falling back to portable default logging setup.
2025-07-10 22:33:21 [DEBUG] mulch.workspace_factory: Seeded workspace file: C:\Users\george.bennett\dev\mulch\workspaces\test03\secrets\secrets-example.yaml
2025-07-10 22:33:21 [DEBUG] mulch.workspace_factory: Seeded workspace file: C:\Users\george.bennett\dev\mulch\workspaces\test03\queries\default-queries.toml
2025-07-10 22:33:21 [DEBUG] root: Seeded C:\Users\george.bennett\dev\mulch\workspaces\test03\about_this_workspace.md
2025-07-10 22:33:21 [DEBUG] root: C:\Users\george.bennett\dev\mulch\workspaces\default-workspace.toml already exists; skipping overwrite
2025-07-10 22:36:12 [DEBUG] __main__: Scaffold loaded from default file. C:\Users\george.bennett\dev\mulch\mulch-scaffold.json
2025-07-10 22:36:12 [DEBUG] mulch.workspace_factory: Created folder: C:\Users\george.bennett\dev\mulch\workspaces\test04\config
2025-07-10 22:36:12 [DEBUG] mulch.workspace_factory: Created folder: C:\Users\george.bennett\dev\mulch\workspaces\test04\data
2025-07-10 22:36:12 [DEBUG] mulch.workspace_factory: Created folder: C:\Users\george.bennett\dev\mulch\workspaces\test04\imports
2025-07-10 22:36:12 [DEBUG] mulch.workspace_factory: Created folder: C:\Users\george.bennett\dev\mulch\workspaces\test04\exports
2025-07-10 22:36:12 [DEBUG] mulch.workspace_factory: Created folder: C:\Users\george.bennett\dev\mulch\workspaces\test04\scripts
2025-07-10 22:36:12 [DEBUG] mulch.workspace_factory: Created folder: C:\Users\george.bennett\dev\mulch\workspaces\test04\secrets
2025-07-10 22:36:12 [DEBUG] mulch.workspace_factory: Created folder: C:\Users\george.bennett\dev\mulch\workspaces\test04\queries
2025-07-10 22:36:12 [DEBUG] mulch.workspace_factory: Created folder: C:\Users\george.bennett\dev\mulch\workspaces\test04\exports\aggregate
2025-07-10 22:36:12 [DEBUG] mulch.workspace_factory: Created file: C:\Users\george.bennett\dev\mulch\workspaces\test04\config\default-workspace.toml
2025-07-10 22:36:12 [DEBUG] mulch.workspace_factory: Created file: C:\Users\george.bennett\dev\mulch\workspaces\test04\config\logging.json
2025-07-10 22:36:12 [DEBUG] mulch.workspace_factory: Created file: C:\Users\george.bennett\dev\mulch\workspaces\test04\secrets\secrets.yaml
2025-07-10 22:36:12 [DEBUG] mulch.workspace_factory: Created file: C:\Users\george.bennett\dev\mulch\workspaces\test04\secrets\secrets-example.yaml
2025-07-10 22:36:12 [DEBUG] mulch.workspace_factory: Created file: C:\Users\george.bennett\dev\mulch\workspaces\test04\queries\default-queries.toml
2025-07-10 22:36:12 [DEBUG] mulch.workspace_factory: Wrote lockfile to: C:\Users\george.bennett\dev\mulch\workspaces\test04\mulch.lock
2025-07-10 22:36:12 [INFO] mulch.workspace_factory: src lock_path = C:\Users\george.bennett\dev\mulch\src\mulch\mulch.lock
2025-07-10 22:36:12 [DEBUG] root: Scaffold unchanged. Skipping re-render of workspace_manager.py at C:\Users\george.bennett\dev\mulch\src\mulch\workspace_manager.py
2025-07-10 22:36:12 [DEBUG] root: logging_config_path = C:\Users\george.bennett\dev\mulch\.mulch\logs\logging.json
2025-07-10 22:36:12 [DEBUG] root: 丘멆잺 Failed to load logging config from C:\Users\george.bennett\dev\mulch\.mulch\logs\logging.json: Unable to configure handler 'file'
2025-07-10 22:36:12 [INFO] root: 游대 Falling back to portable default logging setup.
2025-07-10 22:36:12 [DEBUG] mulch.workspace_factory: Seeded workspace file: C:\Users\george.bennett\dev\mulch\workspaces\test04\secrets\secrets-example.yaml
2025-07-10 22:36:12 [DEBUG] mulch.workspace_factory: Seeded workspace file: C:\Users\george.bennett\dev\mulch\workspaces\test04\queries\default-queries.toml
2025-07-10 22:36:12 [DEBUG] root: Seeded C:\Users\george.bennett\dev\mulch\workspaces\test04\about_this_workspace.md
2025-07-10 22:36:12 [DEBUG] root: C:\Users\george.bennett\dev\mulch\workspaces\default-workspace.toml already exists; skipping overwrite
2025-07-10 22:39:46 [DEBUG] __main__: Scaffold loaded from default file. C:\Users\george.bennett\dev\mulch\mulch-scaffold.json
2025-07-10 22:39:46 [DEBUG] mulch.workspace_factory: Created folder: C:\Users\george.bennett\dev\mulch\workspaces\test05\config
2025-07-10 22:39:46 [DEBUG] mulch.workspace_factory: Created folder: C:\Users\george.bennett\dev\mulch\workspaces\test05\data
2025-07-10 22:39:46 [DEBUG] mulch.workspace_factory: Created folder: C:\Users\george.bennett\dev\mulch\workspaces\test05\imports
2025-07-10 22:39:46 [DEBUG] mulch.workspace_factory: Created folder: C:\Users\george.bennett\dev\mulch\workspaces\test05\exports
2025-07-10 22:39:46 [DEBUG] mulch.workspace_factory: Created folder: C:\Users\george.bennett\dev\mulch\workspaces\test05\scripts
2025-07-10 22:39:46 [DEBUG] mulch.workspace_factory: Created folder: C:\Users\george.bennett\dev\mulch\workspaces\test05\secrets
2025-07-10 22:39:46 [DEBUG] mulch.workspace_factory: Created folder: C:\Users\george.bennett\dev\mulch\workspaces\test05\queries
2025-07-10 22:39:46 [DEBUG] mulch.workspace_factory: Created folder: C:\Users\george.bennett\dev\mulch\workspaces\test05\exports\aggregate
2025-07-10 22:39:46 [DEBUG] mulch.workspace_factory: Created file: C:\Users\george.bennett\dev\mulch\workspaces\test05\config\default-workspace.toml
2025-07-10 22:39:46 [DEBUG] mulch.workspace_factory: Created file: C:\Users\george.bennett\dev\mulch\workspaces\test05\config\logging.json
2025-07-10 22:39:46 [DEBUG] mulch.workspace_factory: Created file: C:\Users\george.bennett\dev\mulch\workspaces\test05\secrets\secrets.yaml
2025-07-10 22:39:46 [DEBUG] mulch.workspace_factory: Created file: C:\Users\george.bennett\dev\mulch\workspaces\test05\secrets\secrets-example.yaml
2025-07-10 22:39:46 [DEBUG] mulch.workspace_factory: Created file: C:\Users\george.bennett\dev\mulch\workspaces\test05\queries\default-queries.toml
2025-07-10 22:39:46 [DEBUG] mulch.workspace_factory: Wrote lockfile to: C:\Users\george.bennett\dev\mulch\workspaces\test05\mulch.lock
2025-07-10 22:39:46 [INFO] mulch.workspace_factory: src lock_path = C:\Users\george.bennett\dev\mulch\src\mulch\mulch.lock
2025-07-10 22:39:46 [DEBUG] root: Scaffold unchanged. Skipping re-render of workspace_manager.py at C:\Users\george.bennett\dev\mulch\src\mulch\workspace_manager.py
2025-07-10 22:39:46 [DEBUG] root: logging_config_path = C:\Users\george.bennett\dev\mulch\.mulch\logs\logging.json
2025-07-10 22:39:46 [DEBUG] root: 丘멆잺 Failed to load logging config from C:\Users\george.bennett\dev\mulch\.mulch\logs\logging.json: Unable to configure handler 'file'
2025-07-10 22:39:46 [INFO] root: 游대 Falling back to portable default logging setup.
2025-07-10 22:39:46 [DEBUG] mulch.workspace_factory: Seeded workspace file: C:\Users\george.bennett\dev\mulch\workspaces\test05\secrets\secrets-example.yaml
2025-07-10 22:39:46 [DEBUG] mulch.workspace_factory: Seeded workspace file: C:\Users\george.bennett\dev\mulch\workspaces\test05\queries\default-queries.toml
2025-07-10 22:39:46 [DEBUG] root: Seeded C:\Users\george.bennett\dev\mulch\workspaces\test05\about_this_workspace.md
2025-07-10 22:39:46 [DEBUG] root: C:\Users\george.bennett\dev\mulch\workspaces\default-workspace.toml already exists; skipping overwrite
2025-07-10 22:40:58 [DEBUG] __main__: Scaffold loaded from default file. C:\Users\george.bennett\dev\mulch\mulch-scaffold.json
2025-07-10 22:41:16 [DEBUG] __main__: Scaffold loaded from default file. C:\Users\george.bennett\dev\mulch\mulch-scaffold.json
2025-07-10 22:41:16 [DEBUG] mulch.workspace_factory: Created folder: C:\Users\george.bennett\dev\mulch\workspaces\test06\config
2025-07-10 22:41:16 [DEBUG] mulch.workspace_factory: Created folder: C:\Users\george.bennett\dev\mulch\workspaces\test06\data
2025-07-10 22:41:16 [DEBUG] mulch.workspace_factory: Created folder: C:\Users\george.bennett\dev\mulch\workspaces\test06\imports
2025-07-10 22:41:16 [DEBUG] mulch.workspace_factory: Created folder: C:\Users\george.bennett\dev\mulch\workspaces\test06\exports
2025-07-10 22:41:16 [DEBUG] mulch.workspace_factory: Created folder: C:\Users\george.bennett\dev\mulch\workspaces\test06\scripts
2025-07-10 22:41:16 [DEBUG] mulch.workspace_factory: Created folder: C:\Users\george.bennett\dev\mulch\workspaces\test06\secrets
2025-07-10 22:41:16 [DEBUG] mulch.workspace_factory: Created folder: C:\Users\george.bennett\dev\mulch\workspaces\test06\queries
2025-07-10 22:41:16 [DEBUG] mulch.workspace_factory: Created folder: C:\Users\george.bennett\dev\mulch\workspaces\test06\exports\aggregate
2025-07-10 22:41:16 [DEBUG] mulch.workspace_factory: Created file: C:\Users\george.bennett\dev\mulch\workspaces\test06\config\default-workspace.toml
2025-07-10 22:41:16 [DEBUG] mulch.workspace_factory: Created file: C:\Users\george.bennett\dev\mulch\workspaces\test06\config\logging.json
2025-07-10 22:41:16 [DEBUG] mulch.workspace_factory: Created file: C:\Users\george.bennett\dev\mulch\workspaces\test06\secrets\secrets.yaml
2025-07-10 22:41:16 [DEBUG] mulch.workspace_factory: Created file: C:\Users\george.bennett\dev\mulch\workspaces\test06\secrets\secrets-example.yaml
2025-07-10 22:41:16 [DEBUG] mulch.workspace_factory: Created file: C:\Users\george.bennett\dev\mulch\workspaces\test06\queries\default-queries.toml
2025-07-10 22:41:16 [DEBUG] mulch.workspace_factory: Wrote lockfile to: C:\Users\george.bennett\dev\mulch\workspaces\test06\mulch.lock
2025-07-10 22:41:16 [INFO] mulch.workspace_factory: src lock_path = C:\Users\george.bennett\dev\mulch\src\mulch\mulch.lock
2025-07-10 22:41:16 [DEBUG] root: Scaffold unchanged. Skipping re-render of workspace_manager.py at C:\Users\george.bennett\dev\mulch\src\mulch\workspace_manager.py
2025-07-10 22:41:16 [DEBUG] root: logging_config_path = C:\Users\george.bennett\dev\mulch\.mulch\logs\logging.json
2025-07-10 22:41:16 [DEBUG] root: 丘멆잺 Failed to load logging config from C:\Users\george.bennett\dev\mulch\.mulch\logs\logging.json: Unable to configure handler 'file'
2025-07-10 22:41:16 [INFO] root: 游대 Falling back to portable default logging setup.
2025-07-10 22:41:16 [DEBUG] mulch.workspace_factory: Seeded workspace file: C:\Users\george.bennett\dev\mulch\workspaces\test06\secrets\secrets-example.yaml
2025-07-10 22:41:16 [DEBUG] mulch.workspace_factory: Seeded workspace file: C:\Users\george.bennett\dev\mulch\workspaces\test06\queries\default-queries.toml
2025-07-10 22:41:16 [DEBUG] root: Seeded C:\Users\george.bennett\dev\mulch\workspaces\test06\about_this_workspace.md
2025-07-10 22:41:16 [DEBUG] root: C:\Users\george.bennett\dev\mulch\workspaces\default-workspace.toml already exists; skipping overwrite
2025-07-10 23:37:08 [DEBUG] __main__: Scaffold loaded from default file. C:\Users\george.bennett\dev\mulch\mulch-scaffold.json
2025-07-11 00:19:27 [DEBUG] __main__: Scaffold loaded from default file. C:\Users\george.bennett\dev\mulch\mulch-scaffold.json
2025-07-11 00:19:27 [DEBUG] mulch.workspace_factory: Created folder: C:\Users\george.bennett\dev\mulch\workspaces\test07\config
2025-07-11 00:19:27 [DEBUG] mulch.workspace_factory: Created folder: C:\Users\george.bennett\dev\mulch\workspaces\test07\data
2025-07-11 00:19:27 [DEBUG] mulch.workspace_factory: Created folder: C:\Users\george.bennett\dev\mulch\workspaces\test07\imports
2025-07-11 00:19:27 [DEBUG] mulch.workspace_factory: Created folder: C:\Users\george.bennett\dev\mulch\workspaces\test07\exports
2025-07-11 00:19:27 [DEBUG] mulch.workspace_factory: Created folder: C:\Users\george.bennett\dev\mulch\workspaces\test07\scripts
2025-07-11 00:19:27 [DEBUG] mulch.workspace_factory: Created folder: C:\Users\george.bennett\dev\mulch\workspaces\test07\secrets
2025-07-11 00:19:27 [DEBUG] mulch.workspace_factory: Created folder: C:\Users\george.bennett\dev\mulch\workspaces\test07\queries
2025-07-11 00:19:27 [DEBUG] mulch.workspace_factory: Created folder: C:\Users\george.bennett\dev\mulch\workspaces\test07\exports\aggregate
2025-07-11 00:19:28 [DEBUG] mulch.workspace_factory: Created file: C:\Users\george.bennett\dev\mulch\workspaces\test07\config\default-workspace.toml
2025-07-11 00:19:28 [DEBUG] mulch.workspace_factory: Created file: C:\Users\george.bennett\dev\mulch\workspaces\test07\config\logging.json
2025-07-11 00:19:28 [DEBUG] mulch.workspace_factory: Created file: C:\Users\george.bennett\dev\mulch\workspaces\test07\secrets\secrets.yaml
2025-07-11 00:19:28 [DEBUG] mulch.workspace_factory: Created file: C:\Users\george.bennett\dev\mulch\workspaces\test07\secrets\secrets-example.yaml
2025-07-11 00:19:28 [DEBUG] mulch.workspace_factory: Created file: C:\Users\george.bennett\dev\mulch\workspaces\test07\queries\default-queries.toml
2025-07-11 00:19:28 [DEBUG] mulch.workspace_factory: Wrote lockfile to: C:\Users\george.bennett\dev\mulch\workspaces\test07\workspace.lock
2025-07-11 00:19:28 [INFO] mulch.workspace_factory: src lock_path = C:\Users\george.bennett\dev\mulch\src\mulch\manager.lock
2025-07-11 00:19:34 [DEBUG] root: Generated workspace_manager.py at C:\Users\george.bennett\dev\mulch\src\mulch\workspace_manager.py
2025-07-11 00:19:34 [DEBUG] root: logging_config_path = C:\Users\george.bennett\dev\mulch\.mulch\logs\logging.json
2025-07-11 00:19:34 [DEBUG] root: 丘멆잺 Failed to load logging config from C:\Users\george.bennett\dev\mulch\.mulch\logs\logging.json: Unable to configure handler 'file'
2025-07-11 00:19:34 [INFO] root: 游대 Falling back to portable default logging setup.
2025-07-11 00:19:34 [DEBUG] mulch.workspace_factory: Seeded workspace file: C:\Users\george.bennett\dev\mulch\workspaces\test07\secrets\secrets-example.yaml
2025-07-11 00:19:34 [DEBUG] mulch.workspace_factory: Seeded workspace file: C:\Users\george.bennett\dev\mulch\workspaces\test07\queries\default-queries.toml
2025-07-11 00:19:34 [DEBUG] root: Seeded C:\Users\george.bennett\dev\mulch\workspaces\test07\about_this_workspace.md
2025-07-11 00:19:34 [DEBUG] root: C:\Users\george.bennett\dev\mulch\workspaces\default-workspace.toml already exists; skipping overwrite
2025-07-11 00:20:00 [DEBUG] __main__: Scaffold loaded from default file. C:\Users\george.bennett\dev\mulch\mulch-scaffold.json
2025-07-11 00:26:49 [DEBUG] mulch.workspace_factory: Created folder: C:\Users\george.bennett\dev\mulch\workspaces\test08\config
2025-07-11 00:26:49 [DEBUG] mulch.workspace_factory: Created folder: C:\Users\george.bennett\dev\mulch\workspaces\test08\data
2025-07-11 00:26:49 [DEBUG] mulch.workspace_factory: Created folder: C:\Users\george.bennett\dev\mulch\workspaces\test08\imports
2025-07-11 00:26:49 [DEBUG] mulch.workspace_factory: Created folder: C:\Users\george.bennett\dev\mulch\workspaces\test08\exports
2025-07-11 00:26:49 [DEBUG] mulch.workspace_factory: Created folder: C:\Users\george.bennett\dev\mulch\workspaces\test08\scripts
2025-07-11 00:26:49 [DEBUG] mulch.workspace_factory: Created folder: C:\Users\george.bennett\dev\mulch\workspaces\test08\secrets
2025-07-11 00:26:49 [DEBUG] mulch.workspace_factory: Created folder: C:\Users\george.bennett\dev\mulch\workspaces\test08\queries
2025-07-11 00:26:49 [DEBUG] mulch.workspace_factory: Created folder: C:\Users\george.bennett\dev\mulch\workspaces\test08\monster-mash
2025-07-11 00:26:49 [DEBUG] mulch.workspace_factory: Created folder: C:\Users\george.bennett\dev\mulch\workspaces\test08\exports\aggregate
2025-07-11 00:26:49 [DEBUG] mulch.workspace_factory: Created file: C:\Users\george.bennett\dev\mulch\workspaces\test08\config\default-workspace.toml
2025-07-11 00:26:49 [DEBUG] mulch.workspace_factory: Created file: C:\Users\george.bennett\dev\mulch\workspaces\test08\config\logging.json
2025-07-11 00:26:49 [DEBUG] mulch.workspace_factory: Created file: C:\Users\george.bennett\dev\mulch\workspaces\test08\secrets\secrets.yaml
2025-07-11 00:26:49 [DEBUG] mulch.workspace_factory: Created file: C:\Users\george.bennett\dev\mulch\workspaces\test08\secrets\secrets-example.yaml
2025-07-11 00:26:49 [DEBUG] mulch.workspace_factory: Created file: C:\Users\george.bennett\dev\mulch\workspaces\test08\queries\default-queries.toml
2025-07-11 00:26:49 [DEBUG] mulch.workspace_factory: Wrote lockfile to: C:\Users\george.bennett\dev\mulch\workspaces\test08\workspace.lock
2025-07-11 00:26:49 [INFO] mulch.workspace_factory: src lock_path = C:\Users\george.bennett\dev\mulch\src\mulch\manager.lock
2025-07-11 00:27:09 [DEBUG] root: Generated workspace_manager.py at C:\Users\george.bennett\dev\mulch\src\mulch\workspace_manager.py
2025-07-11 00:27:09 [DEBUG] root: logging_config_path = C:\Users\george.bennett\dev\mulch\.mulch\logs\logging.json
2025-07-11 00:27:09 [DEBUG] root: 丘멆잺 Failed to load logging config from C:\Users\george.bennett\dev\mulch\.mulch\logs\logging.json: Unable to configure handler 'file'
2025-07-11 00:27:09 [INFO] root: 游대 Falling back to portable default logging setup.
2025-07-11 00:27:09 [DEBUG] mulch.workspace_factory: Seeded workspace file: C:\Users\george.bennett\dev\mulch\workspaces\test08\secrets\secrets-example.yaml
2025-07-11 00:27:09 [DEBUG] mulch.workspace_factory: Seeded workspace file: C:\Users\george.bennett\dev\mulch\workspaces\test08\queries\default-queries.toml
2025-07-11 00:27:09 [DEBUG] root: Seeded C:\Users\george.bennett\dev\mulch\workspaces\test08\about_this_workspace.md
2025-07-11 00:27:09 [DEBUG] root: C:\Users\george.bennett\dev\mulch\workspaces\default-workspace.toml already exists; skipping overwrite
2025-07-11 01:35:23 [DEBUG] mulch.workspace_factory: Created folder: C:\Users\george.bennett\dev\mulch\test09\config
2025-07-11 01:35:23 [DEBUG] mulch.workspace_factory: Created folder: C:\Users\george.bennett\dev\mulch\test09\data
2025-07-11 01:35:23 [DEBUG] mulch.workspace_factory: Created folder: C:\Users\george.bennett\dev\mulch\test09\imports
2025-07-11 01:35:23 [DEBUG] mulch.workspace_factory: Created folder: C:\Users\george.bennett\dev\mulch\test09\exports
2025-07-11 01:35:23 [DEBUG] mulch.workspace_factory: Created folder: C:\Users\george.bennett\dev\mulch\test09\scripts
2025-07-11 01:35:23 [DEBUG] mulch.workspace_factory: Created folder: C:\Users\george.bennett\dev\mulch\test09\secrets
2025-07-11 01:35:23 [DEBUG] mulch.workspace_factory: Created folder: C:\Users\george.bennett\dev\mulch\test09\queries
2025-07-11 01:35:23 [DEBUG] mulch.workspace_factory: Created folder: C:\Users\george.bennett\dev\mulch\test09\monster-mash
2025-07-11 01:35:23 [DEBUG] mulch.workspace_factory: Created folder: C:\Users\george.bennett\dev\mulch\test09\exports\aggregate
2025-07-11 01:35:23 [DEBUG] mulch.workspace_factory: Created file: C:\Users\george.bennett\dev\mulch\test09\config\default-workspace.toml
2025-07-11 01:35:23 [DEBUG] mulch.workspace_factory: Created file: C:\Users\george.bennett\dev\mulch\test09\config\logging.json
2025-07-11 01:35:23 [DEBUG] mulch.workspace_factory: Created file: C:\Users\george.bennett\dev\mulch\test09\secrets\secrets.yaml
2025-07-11 01:35:23 [DEBUG] mulch.workspace_factory: Created file: C:\Users\george.bennett\dev\mulch\test09\secrets\secrets-example.yaml
2025-07-11 01:35:23 [DEBUG] mulch.workspace_factory: Created file: C:\Users\george.bennett\dev\mulch\test09\queries\default-queries.toml
2025-07-11 01:35:23 [DEBUG] mulch.workspace_factory: Wrote lockfile to: C:\Users\george.bennett\dev\mulch\test09\space.lock
2025-07-11 01:35:23 [INFO] mulch.workspace_factory: src lock_path = C:\Users\george.bennett\dev\mulch\.mulch\src\mulch\manager.lock
2025-07-11 01:38:19 [DEBUG] mulch.workspace_factory: Created folder: C:\Users\george.bennett\dev\mulch\test10\config
2025-07-11 01:38:19 [DEBUG] mulch.workspace_factory: Created folder: C:\Users\george.bennett\dev\mulch\test10\data
2025-07-11 01:38:19 [DEBUG] mulch.workspace_factory: Created folder: C:\Users\george.bennett\dev\mulch\test10\imports
2025-07-11 01:38:19 [DEBUG] mulch.workspace_factory: Created folder: C:\Users\george.bennett\dev\mulch\test10\exports
2025-07-11 01:38:19 [DEBUG] mulch.workspace_factory: Created folder: C:\Users\george.bennett\dev\mulch\test10\scripts
2025-07-11 01:38:19 [DEBUG] mulch.workspace_factory: Created folder: C:\Users\george.bennett\dev\mulch\test10\secrets
2025-07-11 01:38:19 [DEBUG] mulch.workspace_factory: Created folder: C:\Users\george.bennett\dev\mulch\test10\queries
2025-07-11 01:38:19 [DEBUG] mulch.workspace_factory: Created folder: C:\Users\george.bennett\dev\mulch\test10\monster-mash
2025-07-11 01:38:19 [DEBUG] mulch.workspace_factory: Created folder: C:\Users\george.bennett\dev\mulch\test10\exports\aggregate
2025-07-11 01:38:19 [DEBUG] mulch.workspace_factory: Created file: C:\Users\george.bennett\dev\mulch\test10\config\default-workspace.toml
2025-07-11 01:38:19 [DEBUG] mulch.workspace_factory: Created file: C:\Users\george.bennett\dev\mulch\test10\config\logging.json
2025-07-11 01:38:19 [DEBUG] mulch.workspace_factory: Created file: C:\Users\george.bennett\dev\mulch\test10\secrets\secrets.yaml
2025-07-11 01:38:19 [DEBUG] mulch.workspace_factory: Created file: C:\Users\george.bennett\dev\mulch\test10\secrets\secrets-example.yaml
2025-07-11 01:38:19 [DEBUG] mulch.workspace_factory: Created file: C:\Users\george.bennett\dev\mulch\test10\queries\default-queries.toml
2025-07-11 01:38:19 [DEBUG] mulch.workspace_factory: Wrote lockfile to: C:\Users\george.bennett\dev\mulch\test10\space.lock
2025-07-11 01:38:19 [INFO] mulch.workspace_factory: src lock_path = C:\Users\george.bennett\dev\mulch\.mulch\src\mulch\manager.lock
2025-07-11 01:38:34 [DEBUG] mulch.workspace_factory: Created folder: C:\Users\george.bennett\dev\mulch\workspaces\test11\config
2025-07-11 01:38:34 [DEBUG] mulch.workspace_factory: Created folder: C:\Users\george.bennett\dev\mulch\workspaces\test11\data
2025-07-11 01:38:34 [DEBUG] mulch.workspace_factory: Created folder: C:\Users\george.bennett\dev\mulch\workspaces\test11\imports
2025-07-11 01:38:34 [DEBUG] mulch.workspace_factory: Created folder: C:\Users\george.bennett\dev\mulch\workspaces\test11\exports
2025-07-11 01:38:34 [DEBUG] mulch.workspace_factory: Created folder: C:\Users\george.bennett\dev\mulch\workspaces\test11\scripts
2025-07-11 01:38:34 [DEBUG] mulch.workspace_factory: Created folder: C:\Users\george.bennett\dev\mulch\workspaces\test11\secrets
2025-07-11 01:38:34 [DEBUG] mulch.workspace_factory: Created folder: C:\Users\george.bennett\dev\mulch\workspaces\test11\queries
2025-07-11 01:38:34 [DEBUG] mulch.workspace_factory: Created folder: C:\Users\george.bennett\dev\mulch\workspaces\test11\monster-mash
2025-07-11 01:38:34 [DEBUG] mulch.workspace_factory: Created folder: C:\Users\george.bennett\dev\mulch\workspaces\test11\exports\aggregate
2025-07-11 01:38:34 [DEBUG] mulch.workspace_factory: Created file: C:\Users\george.bennett\dev\mulch\workspaces\test11\config\default-workspace.toml
2025-07-11 01:38:34 [DEBUG] mulch.workspace_factory: Created file: C:\Users\george.bennett\dev\mulch\workspaces\test11\config\logging.json
2025-07-11 01:38:34 [DEBUG] mulch.workspace_factory: Created file: C:\Users\george.bennett\dev\mulch\workspaces\test11\secrets\secrets.yaml
2025-07-11 01:38:34 [DEBUG] mulch.workspace_factory: Created file: C:\Users\george.bennett\dev\mulch\workspaces\test11\secrets\secrets-example.yaml
2025-07-11 01:38:34 [DEBUG] mulch.workspace_factory: Created file: C:\Users\george.bennett\dev\mulch\workspaces\test11\queries\default-queries.toml
2025-07-11 01:38:34 [DEBUG] mulch.workspace_factory: Wrote lockfile to: C:\Users\george.bennett\dev\mulch\workspaces\test11\space.lock
2025-07-11 01:38:34 [INFO] mulch.workspace_factory: src lock_path = C:\Users\george.bennett\dev\mulch\src\mulch\manager.lock
2025-07-11 01:38:34 [DEBUG] root: Scaffold unchanged. Skipping re-render of workspace_manager.py at C:\Users\george.bennett\dev\mulch\src\mulch\workspace_manager.py
2025-07-11 01:38:34 [DEBUG] root: logging_config_path = C:\Users\george.bennett\dev\mulch\.mulch\logs\logging.json
2025-07-11 01:38:34 [DEBUG] root: 丘멆잺 Failed to load logging config from C:\Users\george.bennett\dev\mulch\.mulch\logs\logging.json: Unable to configure handler 'file'
2025-07-11 01:38:34 [INFO] root: 游대 Falling back to portable default logging setup.
2025-07-11 01:38:34 [DEBUG] mulch.workspace_factory: Seeded workspace file: C:\Users\george.bennett\dev\mulch\workspaces\test11\secrets\secrets-example.yaml
2025-07-11 01:38:34 [DEBUG] mulch.workspace_factory: Seeded workspace file: C:\Users\george.bennett\dev\mulch\workspaces\test11\queries\default-queries.toml
2025-07-11 01:38:34 [DEBUG] root: Seeded C:\Users\george.bennett\dev\mulch\workspaces\test11\about_this_workspace.md
2025-07-11 01:38:34 [DEBUG] mulch.workspace_factory: Created C:\Users\george.bennett\dev\mulch\workspaces\test11\default-workspace.toml
2025-07-11 01:43:15 [DEBUG] mulch.workspace_factory: Created folder: C:\Users\george.bennett\dev\mulch\test12\config
2025-07-11 01:43:15 [DEBUG] mulch.workspace_factory: Created folder: C:\Users\george.bennett\dev\mulch\test12\data
2025-07-11 01:43:15 [DEBUG] mulch.workspace_factory: Created folder: C:\Users\george.bennett\dev\mulch\test12\imports
2025-07-11 01:43:15 [DEBUG] mulch.workspace_factory: Created folder: C:\Users\george.bennett\dev\mulch\test12\exports
2025-07-11 01:43:15 [DEBUG] mulch.workspace_factory: Created folder: C:\Users\george.bennett\dev\mulch\test12\scripts
2025-07-11 01:43:15 [DEBUG] mulch.workspace_factory: Created folder: C:\Users\george.bennett\dev\mulch\test12\secrets
2025-07-11 01:43:15 [DEBUG] mulch.workspace_factory: Created folder: C:\Users\george.bennett\dev\mulch\test12\queries
2025-07-11 01:43:15 [DEBUG] mulch.workspace_factory: Created folder: C:\Users\george.bennett\dev\mulch\test12\monster-mash
2025-07-11 01:43:15 [DEBUG] mulch.workspace_factory: Created folder: C:\Users\george.bennett\dev\mulch\test12\exports\aggregate
2025-07-11 01:43:15 [DEBUG] mulch.workspace_factory: Created file: C:\Users\george.bennett\dev\mulch\test12\config\default-workspace.toml
2025-07-11 01:43:15 [DEBUG] mulch.workspace_factory: Created file: C:\Users\george.bennett\dev\mulch\test12\config\logging.json
2025-07-11 01:43:15 [DEBUG] mulch.workspace_factory: Created file: C:\Users\george.bennett\dev\mulch\test12\secrets\secrets.yaml
2025-07-11 01:43:15 [DEBUG] mulch.workspace_factory: Created file: C:\Users\george.bennett\dev\mulch\test12\secrets\secrets-example.yaml
2025-07-11 01:43:15 [DEBUG] mulch.workspace_factory: Created file: C:\Users\george.bennett\dev\mulch\test12\queries\default-queries.toml
2025-07-11 01:43:15 [DEBUG] mulch.workspace_factory: Wrote lockfile to: C:\Users\george.bennett\dev\mulch\test12\space.lock
2025-07-11 01:43:15 [INFO] mulch.workspace_factory: src lock_path = C:\Users\george.bennett\dev\mulch\.mulch\src\mulch\manager.lock
2025-07-11 01:43:15 [DEBUG] root: Generated workspace_manager.py at C:\Users\george.bennett\dev\mulch\.mulch\src\mulch\workspace_manager.py
2025-07-11 01:43:15 [DEBUG] root: logging_config_path = C:\Users\george.bennett\dev\mulch\.mulch\logs\logging.json
2025-07-11 01:43:15 [DEBUG] root: 丘멆잺 Failed to load logging config from C:\Users\george.bennett\dev\mulch\.mulch\logs\logging.json: Unable to configure handler 'file'
2025-07-11 01:43:15 [INFO] root: 游대 Falling back to portable default logging setup.
2025-07-11 01:43:15 [DEBUG] mulch.workspace_factory: Seeded workspace file: C:\Users\george.bennett\dev\mulch\test12\secrets\secrets-example.yaml
2025-07-11 01:43:15 [DEBUG] mulch.workspace_factory: Seeded workspace file: C:\Users\george.bennett\dev\mulch\test12\queries\default-queries.toml
2025-07-11 01:43:15 [DEBUG] root: Seeded C:\Users\george.bennett\dev\mulch\test12\about_this_workspace.md
2025-07-11 01:43:15 [DEBUG] mulch.workspace_factory: Created C:\Users\george.bennett\dev\mulch\test12\default-workspace.toml
2025-07-11 01:47:04 [DEBUG] mulch.workspace_factory: Created folder: C:\Users\george.bennett\dev\mulch\test13\config
2025-07-11 01:47:04 [DEBUG] mulch.workspace_factory: Created folder: C:\Users\george.bennett\dev\mulch\test13\data
2025-07-11 01:47:04 [DEBUG] mulch.workspace_factory: Created folder: C:\Users\george.bennett\dev\mulch\test13\imports
2025-07-11 01:47:04 [DEBUG] mulch.workspace_factory: Created folder: C:\Users\george.bennett\dev\mulch\test13\exports
2025-07-11 01:47:04 [DEBUG] mulch.workspace_factory: Created folder: C:\Users\george.bennett\dev\mulch\test13\scripts
2025-07-11 01:47:04 [DEBUG] mulch.workspace_factory: Created folder: C:\Users\george.bennett\dev\mulch\test13\secrets
2025-07-11 01:47:04 [DEBUG] mulch.workspace_factory: Created folder: C:\Users\george.bennett\dev\mulch\test13\queries
2025-07-11 01:47:04 [DEBUG] mulch.workspace_factory: Created folder: C:\Users\george.bennett\dev\mulch\test13\monster-mash
2025-07-11 01:47:04 [DEBUG] mulch.workspace_factory: Created folder: C:\Users\george.bennett\dev\mulch\test13\exports\aggregate
2025-07-11 01:47:04 [DEBUG] mulch.workspace_factory: Created file: C:\Users\george.bennett\dev\mulch\test13\config\default-workspace.toml
2025-07-11 01:47:04 [DEBUG] mulch.workspace_factory: Created file: C:\Users\george.bennett\dev\mulch\test13\config\logging.json
2025-07-11 01:47:04 [DEBUG] mulch.workspace_factory: Created file: C:\Users\george.bennett\dev\mulch\test13\secrets\secrets.yaml
2025-07-11 01:47:04 [DEBUG] mulch.workspace_factory: Created file: C:\Users\george.bennett\dev\mulch\test13\secrets\secrets-example.yaml
2025-07-11 01:47:04 [DEBUG] mulch.workspace_factory: Created file: C:\Users\george.bennett\dev\mulch\test13\queries\default-queries.toml
2025-07-11 01:47:04 [DEBUG] mulch.workspace_factory: Wrote lockfile to: C:\Users\george.bennett\dev\mulch\test13\space.lock
2025-07-11 01:47:04 [INFO] mulch.workspace_factory: src lock_path = C:\Users\george.bennett\dev\mulch\.mulch\src\mulch\manager.lock
2025-07-11 01:47:04 [DEBUG] root: Scaffold unchanged. Skipping re-render of workspace_manager.py at C:\Users\george.bennett\dev\mulch\.mulch\src\mulch\workspace_manager.py
2025-07-11 01:47:04 [DEBUG] root: logging_config_path = C:\Users\george.bennett\dev\mulch\.mulch\logs\logging.json
2025-07-11 01:47:04 [DEBUG] root: 丘멆잺 Failed to load logging config from C:\Users\george.bennett\dev\mulch\.mulch\logs\logging.json: Unable to configure handler 'file'
2025-07-11 01:47:04 [INFO] root: 游대 Falling back to portable default logging setup.
2025-07-11 01:47:04 [DEBUG] mulch.workspace_factory: Seeded workspace file: C:\Users\george.bennett\dev\mulch\test13\secrets\secrets-example.yaml
2025-07-11 01:47:04 [DEBUG] mulch.workspace_factory: Seeded workspace file: C:\Users\george.bennett\dev\mulch\test13\queries\default-queries.toml
2025-07-11 01:47:04 [DEBUG] root: Seeded C:\Users\george.bennett\dev\mulch\test13\about_this_workspace.md
2025-07-11 01:47:04 [DEBUG] mulch.workspace_factory: Created C:\Users\george.bennett\dev\mulch\test13\default-workspace.toml
2025-07-11 01:55:14 [DEBUG] mulch.workspace_factory: Created folder: C:\Users\george.bennett\dev\mulch\test13\config
2025-07-11 01:55:14 [DEBUG] mulch.workspace_factory: Created folder: C:\Users\george.bennett\dev\mulch\test13\data
2025-07-11 01:55:14 [DEBUG] mulch.workspace_factory: Created folder: C:\Users\george.bennett\dev\mulch\test13\imports
2025-07-11 01:55:14 [DEBUG] mulch.workspace_factory: Created folder: C:\Users\george.bennett\dev\mulch\test13\exports
2025-07-11 01:55:14 [DEBUG] mulch.workspace_factory: Created folder: C:\Users\george.bennett\dev\mulch\test13\scripts
2025-07-11 01:55:14 [DEBUG] mulch.workspace_factory: Created folder: C:\Users\george.bennett\dev\mulch\test13\secrets
2025-07-11 01:55:14 [DEBUG] mulch.workspace_factory: Created folder: C:\Users\george.bennett\dev\mulch\test13\queries
2025-07-11 01:55:14 [DEBUG] mulch.workspace_factory: Created folder: C:\Users\george.bennett\dev\mulch\test13\monster-mash
2025-07-11 01:55:14 [DEBUG] mulch.workspace_factory: Created folder: C:\Users\george.bennett\dev\mulch\test13\exports\aggregate
2025-07-11 01:55:14 [DEBUG] mulch.workspace_factory: Created file: C:\Users\george.bennett\dev\mulch\test13\config\default-workspace.toml
2025-07-11 01:55:14 [DEBUG] mulch.workspace_factory: Created file: C:\Users\george.bennett\dev\mulch\test13\config\logging.json
2025-07-11 01:55:14 [DEBUG] mulch.workspace_factory: Created file: C:\Users\george.bennett\dev\mulch\test13\secrets\secrets.yaml
2025-07-11 01:55:14 [DEBUG] mulch.workspace_factory: Created file: C:\Users\george.bennett\dev\mulch\test13\secrets\secrets-example.yaml
2025-07-11 01:55:14 [DEBUG] mulch.workspace_factory: Created file: C:\Users\george.bennett\dev\mulch\test13\queries\default-queries.toml
2025-07-11 01:55:14 [DEBUG] mulch.workspace_factory: Wrote lockfile to: C:\Users\george.bennett\dev\mulch\test13\space.lock
2025-07-11 01:55:14 [INFO] mulch.workspace_factory: src lock_path = C:\Users\george.bennett\dev\mulch\.mulch\src\mulch\manager.lock
2025-07-11 01:55:14 [DEBUG] root: Scaffold unchanged. Skipping re-render of workspace_manager.py at C:\Users\george.bennett\dev\mulch\.mulch\src\mulch\workspace_manager.py
2025-07-11 01:55:14 [DEBUG] root: logging_config_path = C:\Users\george.bennett\dev\mulch\.mulch\logs\logging.json
2025-07-11 01:55:14 [DEBUG] root: 丘멆잺 Failed to load logging config from C:\Users\george.bennett\dev\mulch\.mulch\logs\logging.json: Unable to configure handler 'file'
2025-07-11 01:55:14 [INFO] root: 游대 Falling back to portable default logging setup.
2025-07-11 01:55:14 [DEBUG] mulch.workspace_factory: Seeded workspace file: C:\Users\george.bennett\dev\mulch\test13\secrets\secrets-example.yaml
2025-07-11 01:55:14 [DEBUG] mulch.workspace_factory: Seeded workspace file: C:\Users\george.bennett\dev\mulch\test13\queries\default-queries.toml
2025-07-11 01:55:14 [DEBUG] root: Seeded C:\Users\george.bennett\dev\mulch\test13\about_this_workspace.md
2025-07-11 01:55:14 [DEBUG] mulch.workspace_factory: Created C:\Users\george.bennett\dev\mulch\test13\default-workspace.toml
2025-07-11 01:57:21 [DEBUG] mulch.workspace_factory: Created folder: C:\Users\george.bennett\dev\mulch\test13\eats
2025-07-11 01:57:21 [DEBUG] mulch.workspace_factory: Wrote lockfile to: C:\Users\george.bennett\dev\mulch\test13\space.lock
2025-07-11 01:57:21 [INFO] mulch.workspace_factory: src lock_path = C:\Users\george.bennett\dev\mulch\.mulch\src\mulch\manager.lock
2025-07-11 01:57:37 [DEBUG] root: Generated workspace_manager.py at C:\Users\george.bennett\dev\mulch\.mulch\src\mulch\workspace_manager.py
2025-07-11 01:57:37 [DEBUG] root: logging_config_path = C:\Users\george.bennett\dev\mulch\.mulch\logs\logging.json
2025-07-11 01:57:37 [DEBUG] root: 丘멆잺 Failed to load logging config from C:\Users\george.bennett\dev\mulch\.mulch\logs\logging.json: Unable to configure handler 'file'
2025-07-11 01:57:37 [INFO] root: 游대 Falling back to portable default logging setup.
2025-07-11 01:57:37 [DEBUG] mulch.workspace_factory: Seeded workspace file: C:\Users\george.bennett\dev\mulch\test13\secrets\secrets-example.yaml
2025-07-11 01:57:37 [DEBUG] mulch.workspace_factory: Seeded workspace file: C:\Users\george.bennett\dev\mulch\test13\queries\default-queries.toml
2025-07-11 01:57:37 [DEBUG] root: C:\Users\george.bennett\dev\mulch\test13\about_this_workspace.md already exists; skipping
2025-07-11 01:57:37 [DEBUG] root: C:\Users\george.bennett\dev\mulch\test13\default-workspace.toml already exists; skipping overwrite
