2025-07-05 23:34:15 [INFO] mulch.cli: Scaffold loaded from C:\Users\george.bennett\OneDrive - City of Memphis\Documents\dev\mulch\mulch-scaffold.json
2025-07-05 23:34:48 [DEBUG] mulch.workspace_factory: Created file: C:\Users\george.bennett\OneDrive - City of Memphis\Documents\dev\mulch\workspaces\default\config\logging.json
2025-07-05 23:34:48 [INFO] root: C:\Users\george.bennett\OneDrive - City of Memphis\Documents\dev\mulch\workspaces\default-workspace.toml already exists; skipping overwrite
2025-07-05 23:34:48 [INFO] mulch.cli: Wrote mulch.lock to C:\Users\george.bennett\OneDrive - City of Memphis\Documents\dev\mulch\workspaces\default\mulch.lock
2025-07-05 23:35:01 [INFO] root: Generated workspace_manager.py at C:\Users\george.bennett\OneDrive - City of Memphis\Documents\dev\mulch\src\mulch\workspace_manager.py
2025-07-06 01:08:05 [INFO] __main__: Scaffold loaded from C:\Users\george.bennett\OneDrive - City of Memphis\Documents\dev\mulch\mulch-scaffold.json
2025-07-06 01:08:05 [DEBUG] mulch.workspace_factory: Created folder: C:\Users\george.bennett\OneDrive - City of Memphis\Documents\dev\mulch\workspaces\abouttest0\config
2025-07-06 01:08:05 [DEBUG] mulch.workspace_factory: Created folder: C:\Users\george.bennett\OneDrive - City of Memphis\Documents\dev\mulch\workspaces\abouttest0\data
2025-07-06 01:08:05 [DEBUG] mulch.workspace_factory: Created folder: C:\Users\george.bennett\OneDrive - City of Memphis\Documents\dev\mulch\workspaces\abouttest0\imports
2025-07-06 01:08:05 [DEBUG] mulch.workspace_factory: Created folder: C:\Users\george.bennett\OneDrive - City of Memphis\Documents\dev\mulch\workspaces\abouttest0\exports
2025-07-06 01:08:05 [DEBUG] mulch.workspace_factory: Created folder: C:\Users\george.bennett\OneDrive - City of Memphis\Documents\dev\mulch\workspaces\abouttest0\scripts
2025-07-06 01:08:05 [DEBUG] mulch.workspace_factory: Created folder: C:\Users\george.bennett\OneDrive - City of Memphis\Documents\dev\mulch\workspaces\abouttest0\secrets
2025-07-06 01:08:05 [DEBUG] mulch.workspace_factory: Created folder: C:\Users\george.bennett\OneDrive - City of Memphis\Documents\dev\mulch\workspaces\abouttest0\queries
2025-07-06 01:08:05 [DEBUG] mulch.workspace_factory: Created folder: C:\Users\george.bennett\OneDrive - City of Memphis\Documents\dev\mulch\workspaces\abouttest0\exports\aggregate
2025-07-06 01:08:05 [DEBUG] mulch.workspace_factory: Created file: C:\Users\george.bennett\OneDrive - City of Memphis\Documents\dev\mulch\workspaces\abouttest0\config\default-workspace.toml
2025-07-06 01:08:05 [DEBUG] mulch.workspace_factory: Created file: C:\Users\george.bennett\OneDrive - City of Memphis\Documents\dev\mulch\workspaces\abouttest0\config\logging.json
2025-07-06 01:08:05 [DEBUG] mulch.workspace_factory: Created file: C:\Users\george.bennett\OneDrive - City of Memphis\Documents\dev\mulch\workspaces\abouttest0\secrets\secrets.yaml
2025-07-06 01:08:05 [DEBUG] mulch.workspace_factory: Created file: C:\Users\george.bennett\OneDrive - City of Memphis\Documents\dev\mulch\workspaces\abouttest0\secrets\secrets-example.yaml
2025-07-06 01:08:05 [DEBUG] mulch.workspace_factory: Created file: C:\Users\george.bennett\OneDrive - City of Memphis\Documents\dev\mulch\workspaces\abouttest0\queries\default-queries.toml
2025-07-06 01:08:05 [INFO] root: C:\Users\george.bennett\OneDrive - City of Memphis\Documents\dev\mulch\workspaces\default-workspace.toml already exists; skipping overwrite
2025-07-06 01:08:05 [INFO] __main__: Wrote mulch.lock to C:\Users\george.bennett\OneDrive - City of Memphis\Documents\dev\mulch\workspaces\abouttest0\mulch.lock
2025-07-06 01:10:09 [INFO] __main__: Scaffold loaded from C:\Users\george.bennett\OneDrive - City of Memphis\Documents\dev\mulch\mulch-scaffold.json
2025-07-06 01:10:24 [INFO] __main__: Scaffold loaded from C:\Users\george.bennett\OneDrive - City of Memphis\Documents\dev\mulch\mulch-scaffold.json
2025-07-06 01:10:24 [DEBUG] mulch.workspace_factory: Created folder: C:\Users\george.bennett\OneDrive - City of Memphis\Documents\dev\mulch\workspaces\abouttest1\config
2025-07-06 01:10:24 [DEBUG] mulch.workspace_factory: Created folder: C:\Users\george.bennett\OneDrive - City of Memphis\Documents\dev\mulch\workspaces\abouttest1\data
2025-07-06 01:10:24 [DEBUG] mulch.workspace_factory: Created folder: C:\Users\george.bennett\OneDrive - City of Memphis\Documents\dev\mulch\workspaces\abouttest1\imports
2025-07-06 01:10:24 [DEBUG] mulch.workspace_factory: Created folder: C:\Users\george.bennett\OneDrive - City of Memphis\Documents\dev\mulch\workspaces\abouttest1\exports
2025-07-06 01:10:24 [DEBUG] mulch.workspace_factory: Created folder: C:\Users\george.bennett\OneDrive - City of Memphis\Documents\dev\mulch\workspaces\abouttest1\scripts
2025-07-06 01:10:24 [DEBUG] mulch.workspace_factory: Created folder: C:\Users\george.bennett\OneDrive - City of Memphis\Documents\dev\mulch\workspaces\abouttest1\secrets
2025-07-06 01:10:24 [DEBUG] mulch.workspace_factory: Created folder: C:\Users\george.bennett\OneDrive - City of Memphis\Documents\dev\mulch\workspaces\abouttest1\queries
2025-07-06 01:10:24 [DEBUG] mulch.workspace_factory: Created folder: C:\Users\george.bennett\OneDrive - City of Memphis\Documents\dev\mulch\workspaces\abouttest1\exports\aggregate
2025-07-06 01:10:24 [DEBUG] mulch.workspace_factory: Created file: C:\Users\george.bennett\OneDrive - City of Memphis\Documents\dev\mulch\workspaces\abouttest1\config\default-workspace.toml
2025-07-06 01:10:24 [DEBUG] mulch.workspace_factory: Created file: C:\Users\george.bennett\OneDrive - City of Memphis\Documents\dev\mulch\workspaces\abouttest1\config\logging.json
2025-07-06 01:10:24 [DEBUG] mulch.workspace_factory: Created file: C:\Users\george.bennett\OneDrive - City of Memphis\Documents\dev\mulch\workspaces\abouttest1\secrets\secrets.yaml
2025-07-06 01:10:24 [DEBUG] mulch.workspace_factory: Created file: C:\Users\george.bennett\OneDrive - City of Memphis\Documents\dev\mulch\workspaces\abouttest1\secrets\secrets-example.yaml
2025-07-06 01:10:24 [DEBUG] mulch.workspace_factory: Created file: C:\Users\george.bennett\OneDrive - City of Memphis\Documents\dev\mulch\workspaces\abouttest1\queries\default-queries.toml
2025-07-06 01:10:24 [INFO] root: C:\Users\george.bennett\OneDrive - City of Memphis\Documents\dev\mulch\workspaces\default-workspace.toml already exists; skipping overwrite
2025-07-06 01:10:24 [INFO] __main__: Wrote mulch.lock to C:\Users\george.bennett\OneDrive - City of Memphis\Documents\dev\mulch\workspaces\abouttest1\mulch.lock
2025-07-06 01:10:24 [INFO] root: Scaffold unchanged. Skipping re-render of workspace_manager.py at C:\Users\george.bennett\OneDrive - City of Memphis\Documents\dev\mulch\src\mulch\workspace_manager.py
2025-07-06 01:10:24 [INFO] mulch.workspace_factory: Seeded workspace file: C:\Users\george.bennett\OneDrive - City of Memphis\Documents\dev\mulch\workspaces\abouttest1\secrets\secrets-example.yaml
2025-07-06 01:10:24 [WARNING] mulch.workspace_factory: Failed to seed queries\default-queries.toml: [Errno 2] No such file or directory: 'C:\\Users\\george.bennett\\OneDrive - City of Memphis\\Documents\\dev\\mulch\\src\\mulch\\default-queries.toml'
2025-07-06 01:10:24 [INFO] root: Seeded C:\Users\george.bennett\OneDrive - City of Memphis\Documents\dev\mulch\workspaces\abouttest1\about_this_workspace.md
2025-07-06 01:16:12 [INFO] mulch.cli: Scaffold loaded from C:\Users\george.bennett\OneDrive - City of Memphis\Documents\dev\mulch\mulch-scaffold.json
2025-07-06 01:16:12 [DEBUG] mulch.workspace_factory: Created folder: C:\Users\george.bennett\OneDrive - City of Memphis\Documents\dev\mulch\workspaces\versiontest0\config
2025-07-06 01:16:12 [DEBUG] mulch.workspace_factory: Created folder: C:\Users\george.bennett\OneDrive - City of Memphis\Documents\dev\mulch\workspaces\versiontest0\data
2025-07-06 01:16:12 [DEBUG] mulch.workspace_factory: Created folder: C:\Users\george.bennett\OneDrive - City of Memphis\Documents\dev\mulch\workspaces\versiontest0\imports
2025-07-06 01:16:12 [DEBUG] mulch.workspace_factory: Created folder: C:\Users\george.bennett\OneDrive - City of Memphis\Documents\dev\mulch\workspaces\versiontest0\exports
2025-07-06 01:16:12 [DEBUG] mulch.workspace_factory: Created folder: C:\Users\george.bennett\OneDrive - City of Memphis\Documents\dev\mulch\workspaces\versiontest0\scripts
2025-07-06 01:16:12 [DEBUG] mulch.workspace_factory: Created folder: C:\Users\george.bennett\OneDrive - City of Memphis\Documents\dev\mulch\workspaces\versiontest0\secrets
2025-07-06 01:16:12 [DEBUG] mulch.workspace_factory: Created folder: C:\Users\george.bennett\OneDrive - City of Memphis\Documents\dev\mulch\workspaces\versiontest0\queries
2025-07-06 01:16:12 [DEBUG] mulch.workspace_factory: Created folder: C:\Users\george.bennett\OneDrive - City of Memphis\Documents\dev\mulch\workspaces\versiontest0\exports\aggregate
2025-07-06 01:16:12 [DEBUG] mulch.workspace_factory: Created file: C:\Users\george.bennett\OneDrive - City of Memphis\Documents\dev\mulch\workspaces\versiontest0\config\default-workspace.toml
2025-07-06 01:16:12 [DEBUG] mulch.workspace_factory: Created file: C:\Users\george.bennett\OneDrive - City of Memphis\Documents\dev\mulch\workspaces\versiontest0\config\logging.json
2025-07-06 01:16:12 [DEBUG] mulch.workspace_factory: Created file: C:\Users\george.bennett\OneDrive - City of Memphis\Documents\dev\mulch\workspaces\versiontest0\secrets\secrets.yaml
2025-07-06 01:16:12 [DEBUG] mulch.workspace_factory: Created file: C:\Users\george.bennett\OneDrive - City of Memphis\Documents\dev\mulch\workspaces\versiontest0\secrets\secrets-example.yaml
2025-07-06 01:16:12 [DEBUG] mulch.workspace_factory: Created file: C:\Users\george.bennett\OneDrive - City of Memphis\Documents\dev\mulch\workspaces\versiontest0\queries\default-queries.toml
2025-07-06 01:16:12 [INFO] root: C:\Users\george.bennett\OneDrive - City of Memphis\Documents\dev\mulch\workspaces\default-workspace.toml already exists; skipping overwrite
2025-07-06 01:16:12 [INFO] mulch.cli: Wrote mulch.lock to C:\Users\george.bennett\OneDrive - City of Memphis\Documents\dev\mulch\workspaces\versiontest0\mulch.lock
2025-07-06 01:16:12 [INFO] root: Scaffold unchanged. Skipping re-render of workspace_manager.py at C:\Users\george.bennett\OneDrive - City of Memphis\Documents\dev\mulch\src\mulch\workspace_manager.py
2025-07-06 01:16:12 [INFO] mulch.workspace_factory: Seeded workspace file: C:\Users\george.bennett\OneDrive - City of Memphis\Documents\dev\mulch\workspaces\versiontest0\secrets\secrets-example.yaml
2025-07-06 01:16:12 [WARNING] mulch.workspace_factory: Failed to seed queries\default-queries.toml: [Errno 2] No such file or directory: 'C:\\Users\\george.bennett\\pipx\\venvs\\mulch\\Lib\\site-packages\\mulch\\default-queries.toml'
2025-07-06 01:16:12 [INFO] root: Seeded C:\Users\george.bennett\OneDrive - City of Memphis\Documents\dev\mulch\workspaces\versiontest0\about_this_workspace.md
2025-07-06 02:06:34 [DEBUG] mulch.workspace_factory: Created folder: C:\Users\george.bennett\OneDrive - City of Memphis\Documents\dev\experiment0\workspaces\default\config
2025-07-06 02:06:34 [DEBUG] mulch.workspace_factory: Created folder: C:\Users\george.bennett\OneDrive - City of Memphis\Documents\dev\experiment0\workspaces\default\data
2025-07-06 02:06:34 [DEBUG] mulch.workspace_factory: Created folder: C:\Users\george.bennett\OneDrive - City of Memphis\Documents\dev\experiment0\workspaces\default\imports
2025-07-06 02:06:34 [DEBUG] mulch.workspace_factory: Created folder: C:\Users\george.bennett\OneDrive - City of Memphis\Documents\dev\experiment0\workspaces\default\exports
2025-07-06 02:06:34 [DEBUG] mulch.workspace_factory: Created folder: C:\Users\george.bennett\OneDrive - City of Memphis\Documents\dev\experiment0\workspaces\default\scripts
2025-07-06 02:06:34 [DEBUG] mulch.workspace_factory: Created folder: C:\Users\george.bennett\OneDrive - City of Memphis\Documents\dev\experiment0\workspaces\default\secrets
2025-07-06 02:06:34 [DEBUG] mulch.workspace_factory: Created folder: C:\Users\george.bennett\OneDrive - City of Memphis\Documents\dev\experiment0\workspaces\default\queries
2025-07-06 02:06:34 [DEBUG] mulch.workspace_factory: Created folder: C:\Users\george.bennett\OneDrive - City of Memphis\Documents\dev\experiment0\workspaces\default\exports\aggregate
2025-07-06 02:06:34 [DEBUG] mulch.workspace_factory: Created file: C:\Users\george.bennett\OneDrive - City of Memphis\Documents\dev\experiment0\workspaces\default\config\default-workspace.toml
2025-07-06 02:06:34 [DEBUG] mulch.workspace_factory: Created file: C:\Users\george.bennett\OneDrive - City of Memphis\Documents\dev\experiment0\workspaces\default\secrets\secrets.yaml
2025-07-06 02:06:34 [DEBUG] mulch.workspace_factory: Created file: C:\Users\george.bennett\OneDrive - City of Memphis\Documents\dev\experiment0\workspaces\default\secrets\secrets-example.yaml
2025-07-06 02:06:34 [DEBUG] mulch.workspace_factory: Created file: C:\Users\george.bennett\OneDrive - City of Memphis\Documents\dev\experiment0\workspaces\default\queries\default-queries.toml
2025-07-06 02:06:34 [INFO] mulch.workspace_factory: Seeded workspace file: C:\Users\george.bennett\OneDrive - City of Memphis\Documents\dev\experiment0\workspaces\default\secrets\secrets-example.yaml
2025-07-06 02:06:34 [WARNING] mulch.workspace_factory: Failed to seed queries\default-queries.toml: [Errno 2] No such file or directory: 'C:\\Users\\george.bennett\\OneDrive - City of Memphis\\Documents\\dev\\mulch\\src\\mulch\\default-queries.toml'
2025-07-06 02:06:34 [INFO] root: Seeded C:\Users\george.bennett\OneDrive - City of Memphis\Documents\dev\experiment0\workspaces\default\about_this_workspace.md
2025-07-06 02:10:21 [INFO] mulch.workspace_factory: Seeded workspace file: C:\Users\george.bennett\OneDrive - City of Memphis\Documents\dev\experiment0\workspaces\default\secrets\secrets-example.yaml
2025-07-06 02:10:21 [WARNING] mulch.workspace_factory: Failed to seed queries\default-queries.toml: [Errno 2] No such file or directory: 'C:\\Users\\george.bennett\\OneDrive - City of Memphis\\Documents\\dev\\mulch\\src\\mulch\\default-queries.toml'
2025-07-06 02:10:21 [INFO] root: C:\Users\george.bennett\OneDrive - City of Memphis\Documents\dev\experiment0\workspaces\default\about_this_workspace.md already exists; skipping
