2025-07-05 17:11:05 [INFO] mulch.cli: Scaffold loaded from C:\Users\george.bennett\OneDrive - City of Memphis\Documents\dev\mulch\mulch-scaffold.json
2025-07-05 17:11:05 [DEBUG] mulch.workspace_factory: Created folder: C:\Users\george.bennett\OneDrive - City of Memphis\Documents\dev\mulch\workspaces\daviddaverdson\config
2025-07-05 17:11:05 [DEBUG] mulch.workspace_factory: Created folder: C:\Users\george.bennett\OneDrive - City of Memphis\Documents\dev\mulch\workspaces\daviddaverdson\data
2025-07-05 17:11:05 [DEBUG] mulch.workspace_factory: Created folder: C:\Users\george.bennett\OneDrive - City of Memphis\Documents\dev\mulch\workspaces\daviddaverdson\imports
2025-07-05 17:11:05 [DEBUG] mulch.workspace_factory: Created folder: C:\Users\george.bennett\OneDrive - City of Memphis\Documents\dev\mulch\workspaces\daviddaverdson\exports
2025-07-05 17:11:05 [DEBUG] mulch.workspace_factory: Created folder: C:\Users\george.bennett\OneDrive - City of Memphis\Documents\dev\mulch\workspaces\daviddaverdson\scripts
2025-07-05 17:11:05 [DEBUG] mulch.workspace_factory: Created folder: C:\Users\george.bennett\OneDrive - City of Memphis\Documents\dev\mulch\workspaces\daviddaverdson\secrets
2025-07-05 17:11:05 [DEBUG] mulch.workspace_factory: Created folder: C:\Users\george.bennett\OneDrive - City of Memphis\Documents\dev\mulch\workspaces\daviddaverdson\queries
2025-07-05 17:11:05 [DEBUG] mulch.workspace_factory: Created folder: C:\Users\george.bennett\OneDrive - City of Memphis\Documents\dev\mulch\workspaces\daviddaverdson\exports\aggregate
2025-07-05 17:11:05 [DEBUG] mulch.workspace_factory: Created file: C:\Users\george.bennett\OneDrive - City of Memphis\Documents\dev\mulch\workspaces\daviddaverdson\config\default-workspace.toml
2025-07-05 17:11:05 [DEBUG] mulch.workspace_factory: Created file: C:\Users\george.bennett\OneDrive - City of Memphis\Documents\dev\mulch\workspaces\daviddaverdson\config\logging.json
2025-07-05 17:11:05 [DEBUG] mulch.workspace_factory: Created file: C:\Users\george.bennett\OneDrive - City of Memphis\Documents\dev\mulch\workspaces\daviddaverdson\secrets\secrets.yaml
2025-07-05 17:11:05 [DEBUG] mulch.workspace_factory: Created file: C:\Users\george.bennett\OneDrive - City of Memphis\Documents\dev\mulch\workspaces\daviddaverdson\secrets\secrets-example.yaml
2025-07-05 17:11:05 [DEBUG] mulch.workspace_factory: Created file: C:\Users\george.bennett\OneDrive - City of Memphis\Documents\dev\mulch\workspaces\daviddaverdson\queries\default-queries.toml
2025-07-05 17:11:05 [INFO] root: C:\Users\george.bennett\OneDrive - City of Memphis\Documents\dev\mulch\workspaces\default-workspace.toml already exists; skipping overwrite
2025-07-05 17:11:05 [INFO] mulch.cli: Wrote mulch.lock to C:\Users\george.bennett\OneDrive - City of Memphis\Documents\dev\mulch\workspaces\daviddaverdson\mulch.lock
2025-07-05 17:11:05 [INFO] root: Scaffold unchanged. Skipping re-render of workspace_manager.py at C:\Users\george.bennett\OneDrive - City of Memphis\Documents\dev\mulch\src\mulch\workspace_manager.py
2025-07-05 17:18:53 [INFO] mulch.cli: Scaffold loaded from C:\Users\george.bennett\OneDrive - City of Memphis\Documents\dev\mulch\mulch-scaffold.json
2025-07-05 17:18:53 [DEBUG] mulch.workspace_factory: Created folder: C:\Users\george.bennett\OneDrive - City of Memphis\Documents\dev\mulch\workspaces\chuck\config
2025-07-05 17:18:53 [DEBUG] mulch.workspace_factory: Created folder: C:\Users\george.bennett\OneDrive - City of Memphis\Documents\dev\mulch\workspaces\chuck\data
2025-07-05 17:18:53 [DEBUG] mulch.workspace_factory: Created folder: C:\Users\george.bennett\OneDrive - City of Memphis\Documents\dev\mulch\workspaces\chuck\imports
2025-07-05 17:18:53 [DEBUG] mulch.workspace_factory: Created folder: C:\Users\george.bennett\OneDrive - City of Memphis\Documents\dev\mulch\workspaces\chuck\exports
2025-07-05 17:18:53 [DEBUG] mulch.workspace_factory: Created folder: C:\Users\george.bennett\OneDrive - City of Memphis\Documents\dev\mulch\workspaces\chuck\scripts
2025-07-05 17:18:53 [DEBUG] mulch.workspace_factory: Created folder: C:\Users\george.bennett\OneDrive - City of Memphis\Documents\dev\mulch\workspaces\chuck\secrets
2025-07-05 17:18:53 [DEBUG] mulch.workspace_factory: Created folder: C:\Users\george.bennett\OneDrive - City of Memphis\Documents\dev\mulch\workspaces\chuck\queries
2025-07-05 17:18:53 [DEBUG] mulch.workspace_factory: Created folder: C:\Users\george.bennett\OneDrive - City of Memphis\Documents\dev\mulch\workspaces\chuck\exports\aggregate
2025-07-05 17:18:53 [DEBUG] mulch.workspace_factory: Created file: C:\Users\george.bennett\OneDrive - City of Memphis\Documents\dev\mulch\workspaces\chuck\config\default-workspace.toml
2025-07-05 17:18:53 [DEBUG] mulch.workspace_factory: Created file: C:\Users\george.bennett\OneDrive - City of Memphis\Documents\dev\mulch\workspaces\chuck\config\logging.json
2025-07-05 17:18:53 [DEBUG] mulch.workspace_factory: Created file: C:\Users\george.bennett\OneDrive - City of Memphis\Documents\dev\mulch\workspaces\chuck\secrets\secrets.yaml
2025-07-05 17:18:53 [DEBUG] mulch.workspace_factory: Created file: C:\Users\george.bennett\OneDrive - City of Memphis\Documents\dev\mulch\workspaces\chuck\secrets\secrets-example.yaml
2025-07-05 17:18:53 [DEBUG] mulch.workspace_factory: Created file: C:\Users\george.bennett\OneDrive - City of Memphis\Documents\dev\mulch\workspaces\chuck\queries\default-queries.toml
2025-07-05 17:18:53 [INFO] root: C:\Users\george.bennett\OneDrive - City of Memphis\Documents\dev\mulch\workspaces\default-workspace.toml already exists; skipping overwrite
2025-07-05 17:18:53 [INFO] mulch.cli: Wrote mulch.lock to C:\Users\george.bennett\OneDrive - City of Memphis\Documents\dev\mulch\workspaces\chuck\mulch.lock
2025-07-05 17:18:53 [INFO] root: Scaffold unchanged. Skipping re-render of workspace_manager.py at C:\Users\george.bennett\OneDrive - City of Memphis\Documents\dev\mulch\src\mulch\workspace_manager.py
2025-07-05 17:30:16 [INFO] mulch.cli: Scaffold loaded from C:\Users\george.bennett\OneDrive - City of Memphis\Documents\dev\mulch\mulch-scaffold.json
2025-07-05 17:30:49 [INFO] mulch.cli: Scaffold loaded from C:\Users\george.bennett\OneDrive - City of Memphis\Documents\dev\mulch\mulch-scaffold.json
2025-07-05 17:30:56 [INFO] mulch.cli: Scaffold loaded from C:\Users\george.bennett\OneDrive - City of Memphis\Documents\dev\mulch\mulch-scaffold.json
2025-07-05 17:30:56 [DEBUG] mulch.workspace_factory: Created folder: C:\Users\george.bennett\OneDrive - City of Memphis\Documents\dev\mulch\workspaces\chuckk\config
2025-07-05 17:30:56 [DEBUG] mulch.workspace_factory: Created folder: C:\Users\george.bennett\OneDrive - City of Memphis\Documents\dev\mulch\workspaces\chuckk\data
2025-07-05 17:30:56 [DEBUG] mulch.workspace_factory: Created folder: C:\Users\george.bennett\OneDrive - City of Memphis\Documents\dev\mulch\workspaces\chuckk\imports
2025-07-05 17:30:56 [DEBUG] mulch.workspace_factory: Created folder: C:\Users\george.bennett\OneDrive - City of Memphis\Documents\dev\mulch\workspaces\chuckk\exports
2025-07-05 17:30:56 [DEBUG] mulch.workspace_factory: Created folder: C:\Users\george.bennett\OneDrive - City of Memphis\Documents\dev\mulch\workspaces\chuckk\scripts
2025-07-05 17:30:56 [DEBUG] mulch.workspace_factory: Created folder: C:\Users\george.bennett\OneDrive - City of Memphis\Documents\dev\mulch\workspaces\chuckk\secrets
2025-07-05 17:30:56 [DEBUG] mulch.workspace_factory: Created folder: C:\Users\george.bennett\OneDrive - City of Memphis\Documents\dev\mulch\workspaces\chuckk\queries
2025-07-05 17:30:56 [DEBUG] mulch.workspace_factory: Created folder: C:\Users\george.bennett\OneDrive - City of Memphis\Documents\dev\mulch\workspaces\chuckk\exports\aggregate
2025-07-05 17:30:56 [DEBUG] mulch.workspace_factory: Created file: C:\Users\george.bennett\OneDrive - City of Memphis\Documents\dev\mulch\workspaces\chuckk\config\default-workspace.toml
2025-07-05 17:30:56 [DEBUG] mulch.workspace_factory: Created file: C:\Users\george.bennett\OneDrive - City of Memphis\Documents\dev\mulch\workspaces\chuckk\config\logging.json
2025-07-05 17:30:56 [DEBUG] mulch.workspace_factory: Created file: C:\Users\george.bennett\OneDrive - City of Memphis\Documents\dev\mulch\workspaces\chuckk\secrets\secrets.yaml
2025-07-05 17:30:56 [DEBUG] mulch.workspace_factory: Created file: C:\Users\george.bennett\OneDrive - City of Memphis\Documents\dev\mulch\workspaces\chuckk\secrets\secrets-example.yaml
2025-07-05 17:30:56 [DEBUG] mulch.workspace_factory: Created file: C:\Users\george.bennett\OneDrive - City of Memphis\Documents\dev\mulch\workspaces\chuckk\queries\default-queries.toml
2025-07-05 17:30:56 [INFO] root: C:\Users\george.bennett\OneDrive - City of Memphis\Documents\dev\mulch\workspaces\default-workspace.toml already exists; skipping overwrite
2025-07-05 17:30:56 [INFO] mulch.cli: Wrote mulch.lock to C:\Users\george.bennett\OneDrive - City of Memphis\Documents\dev\mulch\workspaces\chuckk\mulch.lock
2025-07-05 17:30:56 [INFO] root: Scaffold unchanged. Skipping re-render of workspace_manager.py at C:\Users\george.bennett\OneDrive - City of Memphis\Documents\dev\mulch\src\mulch\workspace_manager.py
2025-07-05 22:05:57 [INFO] mulch.cli: Scaffold loaded from C:\Users\george.bennett\OneDrive - City of Memphis\Documents\dev\mulch\mulch-scaffold.json
2025-07-05 22:05:57 [DEBUG] mulch.workspace_factory: Created folder: C:\Users\george.bennett\OneDrive - City of Memphis\Documents\dev\mulch\workspaces\bryan\config
2025-07-05 22:05:57 [DEBUG] mulch.workspace_factory: Created folder: C:\Users\george.bennett\OneDrive - City of Memphis\Documents\dev\mulch\workspaces\bryan\data
2025-07-05 22:05:57 [DEBUG] mulch.workspace_factory: Created folder: C:\Users\george.bennett\OneDrive - City of Memphis\Documents\dev\mulch\workspaces\bryan\imports
2025-07-05 22:05:57 [DEBUG] mulch.workspace_factory: Created folder: C:\Users\george.bennett\OneDrive - City of Memphis\Documents\dev\mulch\workspaces\bryan\exports
2025-07-05 22:05:57 [DEBUG] mulch.workspace_factory: Created folder: C:\Users\george.bennett\OneDrive - City of Memphis\Documents\dev\mulch\workspaces\bryan\scripts
2025-07-05 22:05:57 [DEBUG] mulch.workspace_factory: Created folder: C:\Users\george.bennett\OneDrive - City of Memphis\Documents\dev\mulch\workspaces\bryan\secrets
2025-07-05 22:05:57 [DEBUG] mulch.workspace_factory: Created folder: C:\Users\george.bennett\OneDrive - City of Memphis\Documents\dev\mulch\workspaces\bryan\queries
2025-07-05 22:05:57 [DEBUG] mulch.workspace_factory: Created folder: C:\Users\george.bennett\OneDrive - City of Memphis\Documents\dev\mulch\workspaces\bryan\exports\aggregate
2025-07-05 22:05:57 [DEBUG] mulch.workspace_factory: Created file: C:\Users\george.bennett\OneDrive - City of Memphis\Documents\dev\mulch\workspaces\bryan\config\default-workspace.toml
2025-07-05 22:05:57 [DEBUG] mulch.workspace_factory: Created file: C:\Users\george.bennett\OneDrive - City of Memphis\Documents\dev\mulch\workspaces\bryan\config\logging.json
2025-07-05 22:05:57 [DEBUG] mulch.workspace_factory: Created file: C:\Users\george.bennett\OneDrive - City of Memphis\Documents\dev\mulch\workspaces\bryan\secrets\secrets.yaml
2025-07-05 22:05:57 [DEBUG] mulch.workspace_factory: Created file: C:\Users\george.bennett\OneDrive - City of Memphis\Documents\dev\mulch\workspaces\bryan\secrets\secrets-example.yaml
2025-07-05 22:05:57 [DEBUG] mulch.workspace_factory: Created file: C:\Users\george.bennett\OneDrive - City of Memphis\Documents\dev\mulch\workspaces\bryan\queries\default-queries.toml
2025-07-05 22:05:57 [INFO] root: C:\Users\george.bennett\OneDrive - City of Memphis\Documents\dev\mulch\workspaces\default-workspace.toml already exists; skipping overwrite
2025-07-05 22:05:57 [INFO] mulch.cli: Wrote mulch.lock to C:\Users\george.bennett\OneDrive - City of Memphis\Documents\dev\mulch\workspaces\bryan\mulch.lock
2025-07-05 22:05:57 [INFO] root: Scaffold unchanged. Skipping re-render of workspace_manager.py at C:\Users\george.bennett\OneDrive - City of Memphis\Documents\dev\mulch\src\mulch\workspace_manager.py
2025-07-05 22:07:10 [INFO] mulch.cli: Scaffold loaded from C:\Users\george.bennett\OneDrive - City of Memphis\Documents\dev\mulch\mulch-scaffold.json
2025-07-05 22:07:10 [DEBUG] mulch.workspace_factory: Created folder: C:\Users\george.bennett\OneDrive - City of Memphis\Documents\dev\mulch\workspaces\bryan2\config
2025-07-05 22:07:10 [DEBUG] mulch.workspace_factory: Created folder: C:\Users\george.bennett\OneDrive - City of Memphis\Documents\dev\mulch\workspaces\bryan2\data
2025-07-05 22:07:10 [DEBUG] mulch.workspace_factory: Created folder: C:\Users\george.bennett\OneDrive - City of Memphis\Documents\dev\mulch\workspaces\bryan2\imports
2025-07-05 22:07:10 [DEBUG] mulch.workspace_factory: Created folder: C:\Users\george.bennett\OneDrive - City of Memphis\Documents\dev\mulch\workspaces\bryan2\exports
2025-07-05 22:07:10 [DEBUG] mulch.workspace_factory: Created folder: C:\Users\george.bennett\OneDrive - City of Memphis\Documents\dev\mulch\workspaces\bryan2\scripts
2025-07-05 22:07:10 [DEBUG] mulch.workspace_factory: Created folder: C:\Users\george.bennett\OneDrive - City of Memphis\Documents\dev\mulch\workspaces\bryan2\secrets
2025-07-05 22:07:10 [DEBUG] mulch.workspace_factory: Created folder: C:\Users\george.bennett\OneDrive - City of Memphis\Documents\dev\mulch\workspaces\bryan2\queries
2025-07-05 22:07:10 [DEBUG] mulch.workspace_factory: Created folder: C:\Users\george.bennett\OneDrive - City of Memphis\Documents\dev\mulch\workspaces\bryan2\bryan
2025-07-05 22:07:10 [DEBUG] mulch.workspace_factory: Created folder: C:\Users\george.bennett\OneDrive - City of Memphis\Documents\dev\mulch\workspaces\bryan2\exports\aggregate
2025-07-05 22:07:10 [DEBUG] mulch.workspace_factory: Created file: C:\Users\george.bennett\OneDrive - City of Memphis\Documents\dev\mulch\workspaces\bryan2\config\default-workspace.toml
2025-07-05 22:07:10 [DEBUG] mulch.workspace_factory: Created file: C:\Users\george.bennett\OneDrive - City of Memphis\Documents\dev\mulch\workspaces\bryan2\config\logging.json
2025-07-05 22:07:10 [DEBUG] mulch.workspace_factory: Created file: C:\Users\george.bennett\OneDrive - City of Memphis\Documents\dev\mulch\workspaces\bryan2\secrets\secrets.yaml
2025-07-05 22:07:10 [DEBUG] mulch.workspace_factory: Created file: C:\Users\george.bennett\OneDrive - City of Memphis\Documents\dev\mulch\workspaces\bryan2\secrets\secrets-example.yaml
2025-07-05 22:07:10 [DEBUG] mulch.workspace_factory: Created file: C:\Users\george.bennett\OneDrive - City of Memphis\Documents\dev\mulch\workspaces\bryan2\queries\default-queries.toml
2025-07-05 22:07:10 [DEBUG] mulch.workspace_factory: Created file: C:\Users\george.bennett\OneDrive - City of Memphis\Documents\dev\mulch\workspaces\bryan2\bryan\hellofriend.txt
2025-07-05 22:07:10 [INFO] root: C:\Users\george.bennett\OneDrive - City of Memphis\Documents\dev\mulch\workspaces\default-workspace.toml already exists; skipping overwrite
2025-07-05 22:07:10 [INFO] mulch.cli: Wrote mulch.lock to C:\Users\george.bennett\OneDrive - City of Memphis\Documents\dev\mulch\workspaces\bryan2\mulch.lock
2025-07-05 22:08:14 [INFO] root: Generated workspace_manager.py at C:\Users\george.bennett\OneDrive - City of Memphis\Documents\dev\mulch\src\mulch\workspace_manager.py
